# JRE version: OpenJDK Runtime Environment (8.0_242-b01) (build 1.8.0_242-release-1644-b01)
# Java VM: OpenJDK 64-Bit Server VM (25.242-b01 mixed mode windows-amd64 compressed oops)
Heap:
 PSYoungGen      total 267264K, used 133233K [0x00000000e0000000, 0x00000000f4000000, 0x0000000100000000)
  eden space 246272K, 45% used [0x00000000e0000000,0x00000000e6da42e0,0x00000000ef080000)
  from space 20992K, 99% used [0x00000000f1080000,0x00000000f24f8490,0x00000000f2500000)
  to   space 32768K, 0% used [0x00000000ef080000,0x00000000ef080000,0x00000000f1080000)
 ParOldGen       total 127488K, used 64113K [0x00000000a0000000, 0x00000000a7c80000, 0x00000000e0000000)
  object space 127488K, 50% used [0x00000000a0000000,0x00000000a3e9c770,0x00000000a7c80000)
 Metaspace       used 70789K, capacity 76112K, committed 76288K, reserved 1114112K
  class space    used 9800K, capacity 10884K, committed 11008K, reserved 1048576K
GC Heap History (10 events):
Event: 20.235 GC heap before
{Heap before GC invocations=13 (full 2):
 PSYoungGen      total 176128K, used 171561K [0x00000000e0000000, 0x00000000eba80000, 0x0000000100000000)
  eden space 163328K, 100% used [0x00000000e0000000,0x00000000e9f80000,0x00000000e9f80000)
  from space 12800K, 64% used [0x00000000eac00000,0x00000000eb40a4c8,0x00000000eb880000)
  to   space 12800K, 0% used [0x00000000e9f80000,0x00000000e9f80000,0x00000000eac00000)
 ParOldGen       total 82944K, used 18742K [0x00000000a0000000, 0x00000000a5100000, 0x00000000e0000000)
  object space 82944K, 22% used [0x00000000a0000000,0x00000000a124d9b0,0x00000000a5100000)
 Metaspace       used 51762K, capacity 53826K, committed 54016K, reserved 1095680K
  class space    used 6893K, capacity 7298K, committed 7424K, reserved 1048576K
Event: 20.264 GC heap after
Heap after GC invocations=13 (full 2):
 PSYoungGen      total 176128K, used 12774K [0x00000000e0000000, 0x00000000eeb80000, 0x0000000100000000)
  eden space 163328K, 0% used [0x00000000e0000000,0x00000000e0000000,0x00000000e9f80000)
  from space 12800K, 99% used [0x00000000e9f80000,0x00000000eabf9ad0,0x00000000eac00000)
  to   space 16896K, 0% used [0x00000000edb00000,0x00000000edb00000,0x00000000eeb80000)
 ParOldGen       total 82944K, used 26290K [0x00000000a0000000, 0x00000000a5100000, 0x00000000e0000000)
  object space 82944K, 31% used [0x00000000a0000000,0x00000000a19ac9e8,0x00000000a5100000)
 Metaspace       used 51762K, capacity 53826K, committed 54016K, reserved 1095680K
  class space    used 6893K, capacity 7298K, committed 7424K, reserved 1048576K
}
Event: 23.449 GC heap before
{Heap before GC invocations=14 (full 2):
 PSYoungGen      total 176128K, used 122007K [0x00000000e0000000, 0x00000000eeb80000, 0x0000000100000000)
  eden space 163328K, 66% used [0x00000000e0000000,0x00000000e6aac1c8,0x00000000e9f80000)
  from space 12800K, 99% used [0x00000000e9f80000,0x00000000eabf9ad0,0x00000000eac00000)
  to   space 16896K, 0% used [0x00000000edb00000,0x00000000edb00000,0x00000000eeb80000)
 ParOldGen       total 82944K, used 26290K [0x00000000a0000000, 0x00000000a5100000, 0x00000000e0000000)
  object space 82944K, 31% used [0x00000000a0000000,0x00000000a19ac9e8,0x00000000a5100000)
 Metaspace       used 56508K, capacity 59044K, committed 59096K, reserved 1099776K
  class space    used 7706K, capacity 8284K, committed 8320K, reserved 1048576K
Event: 23.504 GC heap after
Heap after GC invocations=14 (full 2):
 PSYoungGen      total 224256K, used 10749K [0x00000000e0000000, 0x00000000eec80000, 0x0000000100000000)
  eden space 207360K, 0% used [0x00000000e0000000,0x00000000e0000000,0x00000000eca80000)
  from space 16896K, 63% used [0x00000000edb00000,0x00000000ee57f6b0,0x00000000eeb80000)
  to   space 16896K, 0% used [0x00000000eca80000,0x00000000eca80000,0x00000000edb00000)
 ParOldGen       total 82944K, used 37692K [0x00000000a0000000, 0x00000000a5100000, 0x00000000e0000000)
  object space 82944K, 45% used [0x00000000a0000000,0x00000000a24cf340,0x00000000a5100000)
 Metaspace       used 56508K, capacity 59044K, committed 59096K, reserved 1099776K
  class space    used 7706K, capacity 8284K, committed 8320K, reserved 1048576K
}
Event: 23.504 GC heap before
{Heap before GC invocations=15 (full 3):
 PSYoungGen      total 224256K, used 10749K [0x00000000e0000000, 0x00000000eec80000, 0x0000000100000000)
  eden space 207360K, 0% used [0x00000000e0000000,0x00000000e0000000,0x00000000eca80000)
  from space 16896K, 63% used [0x00000000edb00000,0x00000000ee57f6b0,0x00000000eeb80000)
  to   space 16896K, 0% used [0x00000000eca80000,0x00000000eca80000,0x00000000edb00000)
 ParOldGen       total 82944K, used 37692K [0x00000000a0000000, 0x00000000a5100000, 0x00000000e0000000)
  object space 82944K, 45% used [0x00000000a0000000,0x00000000a24cf340,0x00000000a5100000)
 Metaspace       used 56508K, capacity 59044K, committed 59096K, reserved 1099776K
  class space    used 7706K, capacity 8284K, committed 8320K, reserved 1048576K
Event: 23.775 GC heap after
Heap after GC invocations=15 (full 3):
 PSYoungGen      total 224256K, used 0K [0x00000000e0000000, 0x00000000eec80000, 0x0000000100000000)
  eden space 207360K, 0% used [0x00000000e0000000,0x00000000e0000000,0x00000000eca80000)
  from space 16896K, 0% used [0x00000000edb00000,0x00000000edb00000,0x00000000eeb80000)
  to   space 16896K, 0% used [0x00000000eca80000,0x00000000eca80000,0x00000000edb00000)
 ParOldGen       total 127488K, used 36521K [0x00000000a0000000, 0x00000000a7c80000, 0x00000000e0000000)
  object space 127488K, 28% used [0x00000000a0000000,0x00000000a23aa6a0,0x00000000a7c80000)
 Metaspace       used 56495K, capacity 59002K, committed 59096K, reserved 1099776K
  class space    used 7702K, capacity 8277K, committed 8320K, reserved 1048576K
}
Event: 28.390 GC heap before
{Heap before GC invocations=16 (full 3):
 PSYoungGen      total 224256K, used 207360K [0x00000000e0000000, 0x00000000eec80000, 0x0000000100000000)
  eden space 207360K, 100% used [0x00000000e0000000,0x00000000eca80000,0x00000000eca80000)
  from space 16896K, 0% used [0x00000000edb00000,0x00000000edb00000,0x00000000eeb80000)
  to   space 16896K, 0% used [0x00000000eca80000,0x00000000eca80000,0x00000000edb00000)
 ParOldGen       total 127488K, used 36521K [0x00000000a0000000, 0x00000000a7c80000, 0x00000000e0000000)
  object space 127488K, 28% used [0x00000000a0000000,0x00000000a23aa6a0,0x00000000a7c80000)
 Metaspace       used 62460K, capacity 66138K, committed 66304K, reserved 1105920K
  class space    used 8591K, capacity 9394K, committed 9472K, reserved 1048576K
Event: 28.447 GC heap after
Heap after GC invocations=16 (full 3):
 PSYoungGen      total 224256K, used 16879K [0x00000000e0000000, 0x00000000f2500000, 0x0000000100000000)
  eden space 207360K, 0% used [0x00000000e0000000,0x00000000e0000000,0x00000000eca80000)
  from space 16896K, 99% used [0x00000000eca80000,0x00000000edafbe70,0x00000000edb00000)
  to   space 20992K, 0% used [0x00000000f1080000,0x00000000f1080000,0x00000000f2500000)
 ParOldGen       total 127488K, used 40283K [0x00000000a0000000, 0x00000000a7c80000, 0x00000000e0000000)
  object space 127488K, 31% used [0x00000000a0000000,0x00000000a2756c78,0x00000000a7c80000)
 Metaspace       used 62460K, capacity 66138K, committed 66304K, reserved 1105920K
  class space    used 8591K, capacity 9394K, committed 9472K, reserved 1048576K
}
Event: 35.278 GC heap before
{Heap before GC invocations=17 (full 3):
 PSYoungGen      total 224256K, used 224239K [0x00000000e0000000, 0x00000000f2500000, 0x0000000100000000)
  eden space 207360K, 100% used [0x00000000e0000000,0x00000000eca80000,0x00000000eca80000)
  from space 16896K, 99% used [0x00000000eca80000,0x00000000edafbe70,0x00000000edb00000)
  to   space 20992K, 0% used [0x00000000f1080000,0x00000000f1080000,0x00000000f2500000)
 ParOldGen       total 127488K, used 40283K [0x00000000a0000000, 0x00000000a7c80000, 0x00000000e0000000)
  object space 127488K, 31% used [0x00000000a0000000,0x00000000a2756c78,0x00000000a7c80000)
 Metaspace       used 68556K, capacity 73462K, committed 73728K, reserved 1112064K
  class space    used 9459K, capacity 10482K, committed 10496K, reserved 1048576K
Event: 35.429 GC heap after
Heap after GC invocations=17 (full 3):
 PSYoungGen      total 267264K, used 20961K [0x00000000e0000000, 0x00000000f4000000, 0x0000000100000000)
  eden space 246272K, 0% used [0x00000000e0000000,0x00000000e0000000,0x00000000ef080000)
  from space 20992K, 99% used [0x00000000f1080000,0x00000000f24f8490,0x00000000f2500000)
  to   space 32768K, 0% used [0x00000000ef080000,0x00000000ef080000,0x00000000f1080000)
 ParOldGen       total 127488K, used 64113K [0x00000000a0000000, 0x00000000a7c80000, 0x00000000e0000000)
  object space 127488K, 50% used [0x00000000a0000000,0x00000000a3e9c770,0x00000000a7c80000)
 Metaspace       used 68556K, capacity 73462K, committed 73728K, reserved 1112064K
  class space    used 9459K, capacity 10482K, committed 10496K, reserved 1048576K
}

