# JRE version: OpenJDK Runtime Environment (8.0_242-b01) (build 1.8.0_242-release-1644-b01)
# Java VM: OpenJDK 64-Bit Server VM (25.242-b01 mixed mode windows-amd64 compressed oops)
Heap:
 PSYoungGen      total 56832K, used 10273K [0x00000000e0000000, 0x00000000e4180000, 0x0000000100000000)
  eden space 46592K, 9% used [0x00000000e0000000,0x00000000e0449a70,0x00000000e2d80000)
  from space 10240K, 57% used [0x00000000e3780000,0x00000000e3d3ece8,0x00000000e4180000)
  to   space 10240K, 0% used [0x00000000e2d80000,0x00000000e2d80000,0x00000000e3780000)
 ParOldGen       total 52736K, used 8503K [0x00000000a0000000, 0x00000000a3380000, 0x00000000e0000000)
  object space 52736K, 16% used [0x00000000a0000000,0x00000000a084dda8,0x00000000a3380000)
 Metaspace       used 30970K, capacity 31894K, committed 32000K, reserved 1079296K
  class space    used 4255K, capacity 4507K, committed 4608K, reserved 1048576K
GC Heap History (10 events):
Event: 6.818 GC heap before
{Heap before GC invocations=6 (full 0):
 PSYoungGen      total 37888K, used 37872K [0x00000000e0000000, 0x00000000e3300000, 0x0000000100000000)
  eden space 32768K, 100% used [0x00000000e0000000,0x00000000e2000000,0x00000000e2000000)
  from space 5120K, 99% used [0x00000000e2080000,0x00000000e257c010,0x00000000e2580000)
  to   space 9728K, 0% used [0x00000000e2980000,0x00000000e2980000,0x00000000e3300000)
 ParOldGen       total 87552K, used 6192K [0x00000000a0000000, 0x00000000a5580000, 0x00000000e0000000)
  object space 87552K, 7% used [0x00000000a0000000,0x00000000a060c0a0,0x00000000a5580000)
 Metaspace       used 19599K, capacity 20316K, committed 20480K, reserved 1067008K
  class space    used 2789K, capacity 2974K, committed 3072K, reserved 1048576K
Event: 6.831 GC heap after
Heap after GC invocations=6 (full 0):
 PSYoungGen      total 42496K, used 8877K [0x00000000e0000000, 0x00000000e3300000, 0x0000000100000000)
  eden space 32768K, 0% used [0x00000000e0000000,0x00000000e0000000,0x00000000e2000000)
  from space 9728K, 91% used [0x00000000e2980000,0x00000000e322b458,0x00000000e3300000)
  to   space 5120K, 0% used [0x00000000e2080000,0x00000000e2080000,0x00000000e2580000)
 ParOldGen       total 87552K, used 6200K [0x00000000a0000000, 0x00000000a5580000, 0x00000000e0000000)
  object space 87552K, 7% used [0x00000000a0000000,0x00000000a060e0a0,0x00000000a5580000)
 Metaspace       used 19599K, capacity 20316K, committed 20480K, reserved 1067008K
  class space    used 2789K, capacity 2974K, committed 3072K, reserved 1048576K
}
Event: 6.985 GC heap before
{Heap before GC invocations=7 (full 0):
 PSYoungGen      total 42496K, used 24199K [0x00000000e0000000, 0x00000000e3300000, 0x0000000100000000)
  eden space 32768K, 46% used [0x00000000e0000000,0x00000000e0ef68f0,0x00000000e2000000)
  from space 9728K, 91% used [0x00000000e2980000,0x00000000e322b458,0x00000000e3300000)
  to   space 5120K, 0% used [0x00000000e2080000,0x00000000e2080000,0x00000000e2580000)
 ParOldGen       total 87552K, used 6200K [0x00000000a0000000, 0x00000000a5580000, 0x00000000e0000000)
  object space 87552K, 7% used [0x00000000a0000000,0x00000000a060e0a0,0x00000000a5580000)
 Metaspace       used 20468K, capacity 21070K, committed 21296K, reserved 1071104K
  class space    used 2931K, capacity 3139K, committed 3200K, reserved 1048576K
Event: 6.992 GC heap after
Heap after GC invocations=7 (full 0):
 PSYoungGen      total 37888K, used 5049K [0x00000000e0000000, 0x00000000e3300000, 0x0000000100000000)
  eden space 32768K, 0% used [0x00000000e0000000,0x00000000e0000000,0x00000000e2000000)
  from space 5120K, 98% used [0x00000000e2080000,0x00000000e256e520,0x00000000e2580000)
  to   space 9728K, 0% used [0x00000000e2980000,0x00000000e2980000,0x00000000e3300000)
 ParOldGen       total 87552K, used 8644K [0x00000000a0000000, 0x00000000a5580000, 0x00000000e0000000)
  object space 87552K, 9% used [0x00000000a0000000,0x00000000a0871100,0x00000000a5580000)
 Metaspace       used 20468K, capacity 21070K, committed 21296K, reserved 1071104K
  class space    used 2931K, capacity 3139K, committed 3200K, reserved 1048576K
}
Event: 6.992 GC heap before
{Heap before GC invocations=8 (full 1):
 PSYoungGen      total 37888K, used 5049K [0x00000000e0000000, 0x00000000e3300000, 0x0000000100000000)
  eden space 32768K, 0% used [0x00000000e0000000,0x00000000e0000000,0x00000000e2000000)
  from space 5120K, 98% used [0x00000000e2080000,0x00000000e256e520,0x00000000e2580000)
  to   space 9728K, 0% used [0x00000000e2980000,0x00000000e2980000,0x00000000e3300000)
 ParOldGen       total 87552K, used 8644K [0x00000000a0000000, 0x00000000a5580000, 0x00000000e0000000)
  object space 87552K, 9% used [0x00000000a0000000,0x00000000a0871100,0x00000000a5580000)
 Metaspace       used 20468K, capacity 21070K, committed 21296K, reserved 1071104K
  class space    used 2931K, capacity 3139K, committed 3200K, reserved 1048576K
Event: 7.030 GC heap after
Heap after GC invocations=8 (full 1):
 PSYoungGen      total 37888K, used 0K [0x00000000e0000000, 0x00000000e3300000, 0x0000000100000000)
  eden space 32768K, 0% used [0x00000000e0000000,0x00000000e0000000,0x00000000e2000000)
  from space 5120K, 0% used [0x00000000e2080000,0x00000000e2080000,0x00000000e2580000)
  to   space 9728K, 0% used [0x00000000e2980000,0x00000000e2980000,0x00000000e3300000)
 ParOldGen       total 52736K, used 7720K [0x00000000a0000000, 0x00000000a3380000, 0x00000000e0000000)
  object space 52736K, 14% used [0x00000000a0000000,0x00000000a078a3d8,0x00000000a3380000)
 Metaspace       used 20468K, capacity 21070K, committed 21296K, reserved 1071104K
  class space    used 2931K, capacity 3139K, committed 3200K, reserved 1048576K
}
Event: 7.371 GC heap before
{Heap before GC invocations=9 (full 1):
 PSYoungGen      total 37888K, used 32768K [0x00000000e0000000, 0x00000000e3300000, 0x0000000100000000)
  eden space 32768K, 100% used [0x00000000e0000000,0x00000000e2000000,0x00000000e2000000)
  from space 5120K, 0% used [0x00000000e2080000,0x00000000e2080000,0x00000000e2580000)
  to   space 9728K, 0% used [0x00000000e2980000,0x00000000e2980000,0x00000000e3300000)
 ParOldGen       total 52736K, used 7720K [0x00000000a0000000, 0x00000000a3380000, 0x00000000e0000000)
  object space 52736K, 14% used [0x00000000a0000000,0x00000000a078a3d8,0x00000000a3380000)
 Metaspace       used 22522K, capacity 23280K, committed 23472K, reserved 1071104K
  class space    used 3270K, capacity 3472K, committed 3584K, reserved 1048576K
Event: 7.374 GC heap after
Heap after GC invocations=9 (full 1):
 PSYoungGen      total 41472K, used 2714K [0x00000000e0000000, 0x00000000e4d00000, 0x0000000100000000)
  eden space 31744K, 0% used [0x00000000e0000000,0x00000000e0000000,0x00000000e1f00000)
  from space 9728K, 27% used [0x00000000e2980000,0x00000000e2c26b70,0x00000000e3300000)
  to   space 10752K, 0% used [0x00000000e1f00000,0x00000000e1f00000,0x00000000e2980000)
 ParOldGen       total 52736K, used 7728K [0x00000000a0000000, 0x00000000a3380000, 0x00000000e0000000)
  object space 52736K, 14% used [0x00000000a0000000,0x00000000a078c3d8,0x00000000a3380000)
 Metaspace       used 22522K, capacity 23280K, committed 23472K, reserved 1071104K
  class space    used 3270K, capacity 3472K, committed 3584K, reserved 1048576K
}
Event: 8.160 GC heap before
{Heap before GC invocations=10 (full 1):
 PSYoungGen      total 41472K, used 34458K [0x00000000e0000000, 0x00000000e4d00000, 0x0000000100000000)
  eden space 31744K, 100% used [0x00000000e0000000,0x00000000e1f00000,0x00000000e1f00000)
  from space 9728K, 27% used [0x00000000e2980000,0x00000000e2c26b70,0x00000000e3300000)
  to   space 10752K, 0% used [0x00000000e1f00000,0x00000000e1f00000,0x00000000e2980000)
 ParOldGen       total 52736K, used 7728K [0x00000000a0000000, 0x00000000a3380000, 0x00000000e0000000)
  object space 52736K, 14% used [0x00000000a0000000,0x00000000a078c3d8,0x00000000a3380000)
 Metaspace       used 28454K, capacity 29374K, committed 29696K, reserved 1077248K
  class space    used 4010K, capacity 4252K, committed 4352K, reserved 1048576K
Event: 8.166 GC heap after
Heap after GC invocations=10 (full 1):
 PSYoungGen      total 42496K, used 6380K [0x00000000e0000000, 0x00000000e4200000, 0x0000000100000000)
  eden space 31744K, 0% used [0x00000000e0000000,0x00000000e0000000,0x00000000e1f00000)
  from space 10752K, 59% used [0x00000000e1f00000,0x00000000e253b3b0,0x00000000e2980000)
  to   space 10752K, 0% used [0x00000000e3780000,0x00000000e3780000,0x00000000e4200000)
 ParOldGen       total 52736K, used 7736K [0x00000000a0000000, 0x00000000a3380000, 0x00000000e0000000)
  object space 52736K, 14% used [0x00000000a0000000,0x00000000a078e3d8,0x00000000a3380000)
 Metaspace       used 28454K, capacity 29374K, committed 29696K, reserved 1077248K
  class space    used 4010K, capacity 4252K, committed 4352K, reserved 1048576K
}

